Arguments: 
  /Applications/Hyper.app/Contents/MacOS/Hyper /Applications/Hyper.app/Contents/Resources/bin/yarn-standalone.js install --no-emoji --no-lockfile --cache-folder /Users/JP27322/.hyper_plugins/cache

PATH: 
  undefined

Yarn version: 
  1.3.2

Node version: 
  10.2.0

Platform: 
  darwin x64

npm manifest: 
  No manifest

yarn manifest: 
  No manifest

Lockfile: 
  No lockfile

Trace: 
  TypeError: /Users/JP27322/.hyper_plugins/node_modules/core-js: Cannot read property 'config' of undefined
      at /Applications/Hyper.app/Contents/Resources/bin/yarn-standalone.js:37812:65
      at Generator.next (<anonymous>)
      at step (/Applications/Hyper.app/Contents/Resources/bin/yarn-standalone.js:98:30)
      at /Applications/Hyper.app/Contents/Resources/bin/yarn-standalone.js:109:13
